0/5-sure.stanford.edu_
0/50years.stanford.edu_
0/a3cservices.stanford.edu_lead_
0/aa.stanford.edu_
0/aa.stanford.edu_about_control.php
0/aa.stanford.edu_admissions_
0/aa.stanford.edu_admissions_admittedGrad.php
0/aa.stanford.edu_admissions_fellowsAero.php
0/aa.stanford.edu_events_50thAnniversary_media_Ying.pdf
0/aa.stanford.edu_faculty_facultySearch.php
0/aa.stanford.edu_giving_index.php
0/aaalab.stanford.edu_child_development_dev_dominos.html
0/aaalab.stanford.edu_child_development_dev_reasoning.html
0/aaalab.stanford.edu_face_to_face_interaction_face_agency.html
0/aaalab.stanford.edu_imagery_im_complex.html
0/aaalab.stanford.edu_teachable_agents_ta_moby.html
0/aaastop.stanford.edu_patients_
0/aaastop.stanford.edu_patients_our_goal.html
0/aaastop.stanford.edu_patients_who_is_eligible.html
0/aaastop.stanford.edu_physicians_
