0/5-sure.stanford.edu_
0/a3cservices.stanford.edu_lead_
0/aa.stanford.edu_
0/aa.stanford.edu_about_space.php
0/aa.stanford.edu_admissions_
0/aa.stanford.edu_admissions_admittedGrad.php
0/aa.stanford.edu_admissions_assistantApplication.php
0/aa.stanford.edu_admissions_assistantsAero.php
0/aa.stanford.edu_admissions_currentStudents.php
0/aa.stanford.edu_admissions_fellowsAero.php
0/aa.stanford.edu_affiliates_index.php
0/aa.stanford.edu_curriculum_coterm.php
0/aa.stanford.edu_curriculum_courses.php
0/aa.stanford.edu_curriculum_engineerAero.php
0/aa.stanford.edu_curriculum_index.php
0/aa.stanford.edu_curriculum_undergraduate.php
0/aa.stanford.edu_events_50thAnniversary_program.php
0/aa.stanford.edu_events_affiliatesMeeting_affiliates2004meeting.php
0/aa.stanford.edu_events_awards_awardCA.php
0/aa.stanford.edu_events_awards_awardcannon.php
0/aa.stanford.edu_events_commencementAcadProc.php
0/aa.stanford.edu_events_commencementAwards_commencementAwards2003.php
0/aa.stanford.edu_events_commencementSchedule.php
0/aa.stanford.edu_events_orientation.php
0/aa.stanford.edu_events_visitday.php
0/aa.stanford.edu_faculty_facultySearch.php
0/aa.stanford.edu_faculty_researchSummaries.php
0/aa.stanford.edu_index.html
0/aa.stanford.edu_news_brysonAward.php
0/aa.stanford.edu_news_changSPIEAward.php
0/aa.stanford.edu_news_farhatAward.php
0/aa.stanford.edu_news_gaoAward.php
0/aa.stanford.edu_news_hubbardCommittee.php
0/aa.stanford.edu_news_krooChair.php
0/aa.stanford.edu_news_marcoPavoneAppointed.php
0/aa.stanford.edu_news_NRC.php
0/aa.stanford.edu_news_parkinsonAward.php
0/aa.stanford.edu_news_sigridCloseAppointed.php
0/aa.stanford.edu_news_subramanianBradleyAward.php
0/aa.stanford.edu_news_tsaiSAMPEFellow.php
0/aa.stanford.edu_students_graduates_graduates2004.php
0/aa.stanford.edu_students_graduates_graduates2010.php
0/aa.stanford.edu_students_media_posters2011_Poster_Directory.pdf
0/aa.stanford.edu_students_posters.php
0/aaalab.stanford.edu_child_development_dev_fractions.html
0/aaalab.stanford.edu_complex_learning_cl_interactive.html
0/aaalab.stanford.edu_complex_learning_cl_webliographer.html
0/aaalab.stanford.edu_development.html
0/aaalab.stanford.edu_teachable.html
0/aaalab.stanford.edu_teachable_agents_ta_moby.html
0/aaalab.stanford.edu_transfer_and_learning_tr_basketball.html
0/aaalab.stanford.edu_transfer_and_learning_tr_fractions.html
0/aaastop.stanford.edu_community_
0/aaastop.stanford.edu_contact_us.html
0/aaastop.stanford.edu_investigators_
0/aaastop.stanford.edu_investigators_portal.html
0/aaastop.stanford.edu_investigators_projects.html
0/aaastop.stanford.edu_patients_
0/aaastop.stanford.edu_patients_our_goal.html
0/aaastop.stanford.edu_patients_who_is_eligible.html
0/aaastop.stanford.edu_physicians_
0/aaastop.stanford.edu_physicians_background.html
