0/3dradiology.stanford.edu_
0/3dradiology.stanford.edu_patient_care_Case%2520studies_AVM.html
0/3dradiology.stanford.edu_patient_care_case_studies.html
0/5-sure.stanford.edu_
0/50years.stanford.edu_
0/a3cservices.stanford.edu_awards_nominate_
0/a3cservices.stanford.edu_facilities_
0/a3cservices.stanford.edu_lead_
0/aa.stanford.edu_
0/aa.stanford.edu_about_aviation.php
0/aa.stanford.edu_about_computation.php
0/aa.stanford.edu_about_control.php
0/aa.stanford.edu_about_space.php
0/aa.stanford.edu_about_structure.php
0/aa.stanford.edu_admissions_
0/aa.stanford.edu_admissions_admittedGrad.php
0/aa.stanford.edu_admissions_assistantApplication.php
0/aa.stanford.edu_admissions_assistantsAero.php
0/aa.stanford.edu_admissions_currentStudents.php
0/aa.stanford.edu_admissions_fellowsAero.php
0/aa.stanford.edu_admissions_pdfs_application_form2011.pdf
0/aa.stanford.edu_affiliates_index.php
0/aa.stanford.edu_curriculum_coterm.php
0/aa.stanford.edu_curriculum_courses.php
0/aa.stanford.edu_curriculum_engineerAero.php
0/aa.stanford.edu_curriculum_index.php
0/aa.stanford.edu_curriculum_undergraduate.php
0/aa.stanford.edu_events_50thAnniversary_media_AlSaud.pdf
0/aa.stanford.edu_events_50thAnniversary_media_Ying.pdf
0/aa.stanford.edu_events_50thAnniversary_program.php
0/aa.stanford.edu_events_affiliatesMeeting_affiliates2004meeting.php
0/aa.stanford.edu_events_affiliatesMeeting_affiliates2005meeting.php
0/aa.stanford.edu_events_affiliatesMeeting_affiliatesmeeting.php
0/aa.stanford.edu_events_awards_awardCA.php
0/aa.stanford.edu_events_awards_awardcannon.php
0/aa.stanford.edu_events_awards_awardstaff.php
0/aa.stanford.edu_events_commencementAcadProc.php
0/aa.stanford.edu_events_commencementAwards_commencementAwards.php
0/aa.stanford.edu_events_commencementAwards_commencementAwards2003.php
0/aa.stanford.edu_events_commencementAwards_commencementAwards2004.php
0/aa.stanford.edu_events_commencementAwards_commencementAwards2005.php
0/aa.stanford.edu_events_commencementAwards_commencementAwards2006.php
0/aa.stanford.edu_events_commencementAwards_commencementAwards2007.php
0/aa.stanford.edu_events_commencementAwards_commencementAwards2008.php
0/aa.stanford.edu_events_commencementAwards_commencementAwards2009.php
0/aa.stanford.edu_events_commencementAwards_commencementAwards2010.php
0/aa.stanford.edu_events_commencementSchedule.php
0/aa.stanford.edu_events_orientation.php
0/aa.stanford.edu_events_visitday.php
0/aa.stanford.edu_faculty_facultySearch.php
0/aa.stanford.edu_giving_index.php
0/aa.stanford.edu_index.html
0/aa.stanford.edu_news_brysonAward.php
0/aa.stanford.edu_news_changSPIEAward.php
0/aa.stanford.edu_news_farhatAward.php
0/aa.stanford.edu_news_gaoAward.php
0/aa.stanford.edu_news_hubbardCommittee.php
0/aa.stanford.edu_news_krooChair.php
0/aa.stanford.edu_news_marcoPavoneAppointed.php
0/aa.stanford.edu_news_NRC.php
0/aa.stanford.edu_news_parkinsonAward.php
0/aa.stanford.edu_news_sigridCloseAppointed.php
0/aa.stanford.edu_news_subramanianBradleyAward.php
0/aa.stanford.edu_news_tsaiSAMPEFellow.php
0/aa.stanford.edu_students_graduates_graduates.php
0/aa.stanford.edu_students_graduates_graduates2002.php
0/aa.stanford.edu_students_graduates_graduates2004.php
0/aa.stanford.edu_students_graduates_graduates2005.php
0/aa.stanford.edu_students_graduates_graduates2006.php
0/aa.stanford.edu_students_graduates_graduates2009.php
0/aa.stanford.edu_students_graduates_graduates2010.php
0/aa.stanford.edu_students_media_graduates_grads2007_Chinmay_Patel.pdf
0/aa.stanford.edu_students_media_graduates_grads2008_James_Diebel.pdf
0/aa.stanford.edu_students_media_graduates_grads2010_Sean_Kamkar.pdf
0/aa.stanford.edu_students_media_graduates_grads2011_Julien_Cortial.pdf
0/aa.stanford.edu_students_media_posters2011_Karthik_Balakrishnan.pdf
0/aa.stanford.edu_students_media_posters2011_Poster_Directory.pdf
0/aa.stanford.edu_students_posters.php
0/aaalab.stanford.edu_child_development_dev_dominos.html
0/aaalab.stanford.edu_child_development_dev_fractions.html
0/aaalab.stanford.edu_child_development_dev_reasoning.html
0/aaalab.stanford.edu_complex.html
0/aaalab.stanford.edu_complex_learning_cl_interactive.html
0/aaalab.stanford.edu_complex_learning_cl_webliographer.html
0/aaalab.stanford.edu_development.html
0/aaalab.stanford.edu_face.html
0/aaalab.stanford.edu_face_to_face_interaction_face_agency.html
0/aaalab.stanford.edu_face_to_face_interaction_face_contrasting.html
0/aaalab.stanford.edu_face_to_face_interaction_face_heads.html
0/aaalab.stanford.edu_imagery.html
0/aaalab.stanford.edu_imagery_im_complex.html
0/aaalab.stanford.edu_imagery_im_tools.html
0/aaalab.stanford.edu_imagery_im_visual_realism.html
0/aaalab.stanford.edu_papers_software_for_managing.pdf
0/aaalab.stanford.edu_teachable.html
0/aaalab.stanford.edu_teachable_agents_ta_moby.html
0/aaalab.stanford.edu_transfer.html
0/aaalab.stanford.edu_transfer_and_learning_tr_basketball.html
0/aaalab.stanford.edu_transfer_and_learning_tr_fractions.html
0/aaastop.stanford.edu_community_
0/aaastop.stanford.edu_contact_us.html
0/aaastop.stanford.edu_investigators_
0/aaastop.stanford.edu_investigators_portal.html
0/aaastop.stanford.edu_investigators_projects.html
0/aaastop.stanford.edu_patients_
0/aaastop.stanford.edu_patients_our_goal.html
0/aaastop.stanford.edu_patients_who_is_eligible.html
0/aaastop.stanford.edu_physicians_
0/aaastop.stanford.edu_physicians_background.html
