0/aa.stanford.edu_
0/aa.stanford.edu_curriculum_coterm.php
0/aa.stanford.edu_curriculum_courses.php
0/aa.stanford.edu_curriculum_engineerAero.php
0/aa.stanford.edu_curriculum_index.php
0/aa.stanford.edu_curriculum_undergraduate.php
0/aa.stanford.edu_events_50thAnniversary_program.php
0/aa.stanford.edu_news_brysonAward.php
0/aa.stanford.edu_news_changSPIEAward.php
0/aa.stanford.edu_news_farhatAward.php
0/aa.stanford.edu_news_gaoAward.php
0/aa.stanford.edu_news_hubbardCommittee.php
0/aa.stanford.edu_news_krooChair.php
0/aa.stanford.edu_news_marcoPavoneAppointed.php
0/aa.stanford.edu_news_NRC.php
0/aa.stanford.edu_news_parkinsonAward.php
0/aa.stanford.edu_news_sigridCloseAppointed.php
0/aa.stanford.edu_news_subramanianBradleyAward.php
0/aa.stanford.edu_news_tsaiSAMPEFellow.php
0/aa.stanford.edu_students_media_graduates_grads2008_James_Diebel.pdf
0/aa.stanford.edu_students_media_posters2011_Karthik_Balakrishnan.pdf
0/aaalab.stanford.edu_child_development_dev_reasoning.html
0/aaalab.stanford.edu_development.html
0/aaalab.stanford.edu_imagery.html
0/aaalab.stanford.edu_teachable.html
0/aaalab.stanford.edu_teachable_agents_ta_moby.html
0/aaalab.stanford.edu_transfer.html
0/aaastop.stanford.edu_community_
